<?xml version="1.0" encoding="UTF-8"?>
<!-- Generated by org.testng.reporters.JUnitXMLReporter -->
<testsuite hostname="SUNIL-PC" ignored="0" name="Free CRM App Test Cases" tests="1" failures="0" timestamp="26 Sep 2020 05:55:10 GMT" time="0.114" errors="0">
  <testcase name="@BeforeSuite initialization" time="0.314" classname="com.automation.qa.base.TestBase">
    <failure type="java.lang.NullPointerException">
      <![CDATA[java.lang.NullPointerException
	at org.openqa.selenium.support.events.EventFiringWebDriver.extractInterfaces(EventFiringWebDriver.java:120)
	at org.openqa.selenium.support.events.EventFiringWebDriver.<init>(EventFiringWebDriver.java:94)
	at com.automation.qa.base.TestBase.initialization(TestBase.java:59)
... Removed 19 stack frames]]>
    </failure>
  </testcase> <!-- @BeforeSuite initialization -->
  <testcase name="test" time="0.028" classname="com.automation.qa.testcases.AutomationAssignmentTest">
    <skipped/>
  </testcase> <!-- test -->
</testsuite> <!-- Free CRM App Test Cases -->
